Command line invocation:
    /Applications/Xcode.app/Contents/Developer/usr/bin/xcodebuild -project PastScreen.xcodeproj -scheme PastScreen -configuration Debug build CODE_SIGN_IDENTITY= CODE_SIGNING_REQUIRED=NO

Build settings from command line:
    CODE_SIGN_IDENTITY = 
    CODE_SIGNING_REQUIRED = NO

--- xcodebuild: WARNING: Using the first of multiple matching destinations:
{ platform:macOS, arch:arm64, id:00006040-000E11980A28801C, name:My Mac }
{ platform:macOS, arch:x86_64, id:00006040-000E11980A28801C, name:My Mac }
{ platform:macOS, name:Any Mac }
note: Using codesigning identity override: 
ComputePackagePrebuildTargetDependencyGraph

Prepare packages

CreateBuildRequest

SendProjectDescription

CreateBuildOperation

ComputeTargetDependencyGraph
note: Building targets in dependency order
note: Target dependency graph (1 target)
    Target 'PastScreen' in project 'PastScreen' (no dependencies)

GatherProvisioningInputs

CreateBuildDescription

ExecuteExternalTool /Applications/Xcode.app/Contents/Developer/Toolchains/XcodeDefault.xctoolchain/usr/bin/clang -v -E -dM -isysroot /Applications/Xcode.app/Contents/Developer/Platforms/MacOSX.platform/Developer/SDKs/MacOSX26.1.sdk -x c -c /dev/null

ExecuteExternalTool /Applications/Xcode.app/Contents/Developer/usr/bin/actool --version --output-format xml1

ExecuteExternalTool /Applications/Xcode.app/Contents/Developer/Toolchains/XcodeDefault.xctoolchain/usr/bin/swiftc --version

ExecuteExternalTool /Applications/Xcode.app/Contents/Developer/Toolchains/XcodeDefault.xctoolchain/usr/bin/ld -version_details

Build description signature: 3d7b5ca4787f96b0146baeade5ee07dc
Build description path: /Users/ecologni/Library/Developer/Xcode/DerivedData/PastScreen-aetnckrvikufcsfqshkzrisjbfuf/Build/Intermediates.noindex/XCBuildData/3d7b5ca4787f96b0146baeade5ee07dc.xcbuilddata
ClangStatCache /Applications/Xcode.app/Contents/Developer/Toolchains/XcodeDefault.xctoolchain/usr/bin/clang-stat-cache /Applications/Xcode.app/Contents/Developer/Platforms/MacOSX.platform/Developer/SDKs/MacOSX26.1.sdk /Users/ecologni/Library/Developer/Xcode/DerivedData/SDKStatCaches.noindex/macosx26.1-25B74-3ae1261907bdadc328169391a47051a6.sdkstatcache
    cd /Users/ecologni/Desktop/Clemadel/PastScreen/PastScreen.xcodeproj
    /Applications/Xcode.app/Contents/Developer/Toolchains/XcodeDefault.xctoolchain/usr/bin/clang-stat-cache /Applications/Xcode.app/Contents/Developer/Platforms/MacOSX.platform/Developer/SDKs/MacOSX26.1.sdk -o /Users/ecologni/Library/Developer/Xcode/DerivedData/SDKStatCaches.noindex/macosx26.1-25B74-3ae1261907bdadc328169391a47051a6.sdkstatcache

ProcessInfoPlistFile /Users/ecologni/Library/Developer/Xcode/DerivedData/PastScreen-aetnckrvikufcsfqshkzrisjbfuf/Build/Products/Debug/PastScreen.app/Contents/Info.plist /Users/ecologni/Desktop/Clemadel/PastScreen/PastScreen/Info-AppStore.plist (in target 'PastScreen' from project 'PastScreen')
    cd /Users/ecologni/Desktop/Clemadel/PastScreen
    builtin-infoPlistUtility /Users/ecologni/Desktop/Clemadel/PastScreen/PastScreen/Info-AppStore.plist -producttype com.apple.product-type.application -genpkginfo /Users/ecologni/Library/Developer/Xcode/DerivedData/PastScreen-aetnckrvikufcsfqshkzrisjbfuf/Build/Products/Debug/PastScreen.app/Contents/PkgInfo -expandbuildsettings -platform macosx -additionalcontentfile /Users/ecologni/Library/Developer/Xcode/DerivedData/PastScreen-aetnckrvikufcsfqshkzrisjbfuf/Build/Intermediates.noindex/PastScreen.build/Debug/PastScreen.build/assetcatalog_generated_info.plist -o /Users/ecologni/Library/Developer/Xcode/DerivedData/PastScreen-aetnckrvikufcsfqshkzrisjbfuf/Build/Products/Debug/PastScreen.app/Contents/Info.plist

SwiftDriver PastScreen normal arm64 com.apple.xcode.tools.swift.compiler (in target 'PastScreen' from project 'PastScreen')
    cd /Users/ecologni/Desktop/Clemadel/PastScreen
    builtin-SwiftDriver -- /Applications/Xcode.app/Contents/Developer/Toolchains/XcodeDefault.xctoolchain/usr/bin/swiftc -module-name PastScreen -Onone -enforce-exclusivity\=checked @/Users/ecologni/Library/Developer/Xcode/DerivedData/PastScreen-aetnckrvikufcsfqshkzrisjbfuf/Build/Intermediates.noindex/PastScreen.build/Debug/PastScreen.build/Objects-normal/arm64/PastScreen.SwiftFileList -DDEBUG -D APPSTORE -default-isolation\=MainActor -enable-bare-slash-regex -enable-upcoming-feature DisableOutwardActorInference -enable-upcoming-feature InferSendableFromCaptures -enable-upcoming-feature GlobalActorIsolatedTypesUsability -enable-upcoming-feature MemberImportVisibility -enable-upcoming-feature InferIsolatedConformances -enable-upcoming-feature NonisolatedNonsendingByDefault -enable-experimental-feature DebugDescriptionMacro -sdk /Applications/Xcode.app/Contents/Developer/Platforms/MacOSX.platform/Developer/SDKs/MacOSX26.1.sdk -target arm64-apple-macos14.0 -g -module-cache-path /Users/ecologni/Library/Developer/Xcode/DerivedData/ModuleCache.noindex -Xfrontend -serialize-debugging-options -enable-testing -index-store-path /Users/ecologni/Library/Developer/Xcode/DerivedData/PastScreen-aetnckrvikufcsfqshkzrisjbfuf/Index.noindex/DataStore -Xcc -D_LIBCPP_HARDENING_MODE\=_LIBCPP_HARDENING_MODE_DEBUG -swift-version 5 -I /Users/ecologni/Library/Developer/Xcode/DerivedData/PastScreen-aetnckrvikufcsfqshkzrisjbfuf/Build/Products/Debug -F /Users/ecologni/Library/Developer/Xcode/DerivedData/PastScreen-aetnckrvikufcsfqshkzrisjbfuf/Build/Products/Debug -emit-localized-strings -emit-localized-strings-path /Users/ecologni/Library/Developer/Xcode/DerivedData/PastScreen-aetnckrvikufcsfqshkzrisjbfuf/Build/Intermediates.noindex/PastScreen.build/Debug/PastScreen.build/Objects-normal/arm64 -c -j14 -enable-batch-mode -incremental -Xcc -ivfsstatcache -Xcc /Users/ecologni/Library/Developer/Xcode/DerivedData/SDKStatCaches.noindex/macosx26.1-25B74-3ae1261907bdadc328169391a47051a6.sdkstatcache -output-file-map /Users/ecologni/Library/Developer/Xcode/DerivedData/PastScreen-aetnckrvikufcsfqshkzrisjbfuf/Build/Intermediates.noindex/PastScreen.build/Debug/PastScreen.build/Objects-normal/arm64/PastScreen-OutputFileMap.json -use-frontend-parseable-output -save-temps -no-color-diagnostics -explicit-module-build -module-cache-path /Users/ecologni/Library/Developer/Xcode/DerivedData/PastScreen-aetnckrvikufcsfqshkzrisjbfuf/Build/Intermediates.noindex/SwiftExplicitPrecompiledModules -clang-scanner-module-cache-path /Users/ecologni/Library/Developer/Xcode/DerivedData/ModuleCache.noindex -sdk-module-cache-path /Users/ecologni/Library/Developer/Xcode/DerivedData/ModuleCache.noindex -serialize-diagnostics -emit-dependencies -emit-module -emit-module-path /Users/ecologni/Library/Developer/Xcode/DerivedData/PastScreen-aetnckrvikufcsfqshkzrisjbfuf/Build/Intermediates.noindex/PastScreen.build/Debug/PastScreen.build/Objects-normal/arm64/PastScreen.swiftmodule -validate-clang-modules-once -clang-build-session-file /Users/ecologni/Library/Developer/Xcode/DerivedData/ModuleCache.noindex/Session.modulevalidation -Xcc -I/Users/ecologni/Library/Developer/Xcode/DerivedData/PastScreen-aetnckrvikufcsfqshkzrisjbfuf/Build/Intermediates.noindex/PastScreen.build/Debug/PastScreen.build/swift-overrides.hmap -emit-const-values -Xfrontend -const-gather-protocols-file -Xfrontend /Users/ecologni/Library/Developer/Xcode/DerivedData/PastScreen-aetnckrvikufcsfqshkzrisjbfuf/Build/Intermediates.noindex/PastScreen.build/Debug/PastScreen.build/Objects-normal/arm64/PastScreen_const_extract_protocols.json -Xcc -iquote -Xcc /Users/ecologni/Library/Developer/Xcode/DerivedData/PastScreen-aetnckrvikufcsfqshkzrisjbfuf/Build/Intermediates.noindex/PastScreen.build/Debug/PastScreen.build/PastScreen-generated-files.hmap -Xcc -I/Users/ecologni/Library/Developer/Xcode/DerivedData/PastScreen-aetnckrvikufcsfqshkzrisjbfuf/Build/Intermediates.noindex/PastScreen.build/Debug/PastScreen.build/PastScreen-own-target-headers.hmap -Xcc -I/Users/ecologni/Library/Developer/Xcode/DerivedData/PastScreen-aetnckrvikufcsfqshkzrisjbfuf/Build/Intermediates.noindex/PastScreen.build/Debug/PastScreen.build/PastScreen-all-target-headers.hmap -Xcc -iquote -Xcc /Users/ecologni/Library/Developer/Xcode/DerivedData/PastScreen-aetnckrvikufcsfqshkzrisjbfuf/Build/Intermediates.noindex/PastScreen.build/Debug/PastScreen.build/PastScreen-project-headers.hmap -Xcc -I/Users/ecologni/Library/Developer/Xcode/DerivedData/PastScreen-aetnckrvikufcsfqshkzrisjbfuf/Build/Products/Debug/include -Xcc -I/Users/ecologni/Library/Developer/Xcode/DerivedData/PastScreen-aetnckrvikufcsfqshkzrisjbfuf/Build/Intermediates.noindex/PastScreen.build/Debug/PastScreen.build/DerivedSources-normal/arm64 -Xcc -I/Users/ecologni/Library/Developer/Xcode/DerivedData/PastScreen-aetnckrvikufcsfqshkzrisjbfuf/Build/Intermediates.noindex/PastScreen.build/Debug/PastScreen.build/DerivedSources/arm64 -Xcc -I/Users/ecologni/Library/Developer/Xcode/DerivedData/PastScreen-aetnckrvikufcsfqshkzrisjbfuf/Build/Intermediates.noindex/PastScreen.build/Debug/PastScreen.build/DerivedSources -Xcc -DDEBUG\=1 -emit-objc-header -emit-objc-header-path /Users/ecologni/Library/Developer/Xcode/DerivedData/PastScreen-aetnckrvikufcsfqshkzrisjbfuf/Build/Intermediates.noindex/PastScreen.build/Debug/PastScreen.build/Objects-normal/arm64/PastScreen-Swift.h -working-directory /Users/ecologni/Desktop/Clemadel/PastScreen -experimental-emit-module-separately -disable-cmo
/Users/ecologni/Desktop/Clemadel/PastScreen/PastScreen/Services/ScreenshotService.swift:111:71: error: consecutive statements on a line must be separated by ';'
        let screenFrame = NSScreen.screens.reduce(NSRect.zero) { /bin/sh.union(.frame) }
                                                                      ^
                                                                      ;
/Users/ecologni/Desktop/Clemadel/PastScreen/PastScreen/Services/ScreenshotService.swift:303:71: error: consecutive statements on a line must be separated by ';'
            guard let nsScreen = NSScreen.screens.first(where: { /bin/sh.frame.intersects(rect) }) else {
                                                                      ^
                                                                      ;
/Users/ecologni/Desktop/Clemadel/PastScreen/PastScreen/Services/ScreenshotService.swift:312:74: error: consecutive statements on a line must be separated by ';'
            if let matchedDisplay = content.displays.first(where: { /bin/sh.displayID == displayID }) {
                                                                         ^
                                                                         ;
/Users/ecologni/Desktop/Clemadel/PastScreen/PastScreen/Services/ScreenshotService.swift:111:71: error: Consecutive statements on a line must be separated by ';'
        let screenFrame = NSScreen.screens.reduce(NSRect.zero) { /bin/sh.union(.frame) }
                                                                      ^
                                                                      ; (in target 'PastScreen' from project 'PastScreen')
/Users/ecologni/Desktop/Clemadel/PastScreen/PastScreen/Services/ScreenshotService.swift:303:71: error: Consecutive statements on a line must be separated by ';'
            guard let nsScreen = NSScreen.screens.first(where: { /bin/sh.frame.intersects(rect) }) else {
                                                                      ^
                                                                      ; (in target 'PastScreen' from project 'PastScreen')
/Users/ecologni/Desktop/Clemadel/PastScreen/PastScreen/Services/ScreenshotService.swift:312:74: error: Consecutive statements on a line must be separated by ';'
            if let matchedDisplay = content.displays.first(where: { /bin/sh.displayID == displayID }) {
                                                                         ^
                                                                         ; (in target 'PastScreen' from project 'PastScreen')

warning: PastScreen isn't code signed but requires entitlements. It is not possible to add entitlements to a binary without signing it. (in target 'PastScreen' from project 'PastScreen')
** BUILD FAILED **


The following build commands failed:
	SwiftDriver PastScreen normal arm64 com.apple.xcode.tools.swift.compiler (in target 'PastScreen' from project 'PastScreen')
	Building project PastScreen with scheme PastScreen and configuration Debug
(2 failures)
